<?xml version="1.0" encoding="UTF-8"?>
<testng-results ignored="0" total="3" passed="0" failed="0" skipped="3">
  <reporter-output>
  </reporter-output>
  <suite started-at="2020-06-25T12:05:51 EDT" name="Suite" finished-at="2020-06-25T12:05:51 EDT" duration-ms="422">
    <groups>
    </groups>
    <test started-at="2020-06-25T12:05:51 EDT" name="Test" finished-at="2020-06-25T12:05:51 EDT" duration-ms="52">
      <class name="testCases.Logintestcase">
        <test-method signature="loginToWebsite()[pri:0, instance:testCases.Logintestcase@732d0d24]" started-at="2020-06-25T12:05:51 EDT" name="loginToWebsite" finished-at="2020-06-25T12:05:51 EDT" duration-ms="0" status="SKIP">
          <exception class="org.openqa.selenium.SessionNotCreatedException">
            <message>
              <![CDATA[session not created: This version of ChromeDriver only supports Chrome version 81
Build info: version: '4.0.0-alpha-4', revision: 'c2d955b49e'
System info: host: 'LAPTOP-C2SMS4AJ', ip: '192.168.0.23', os.name: 'Windows 10', os.arch: 'amd64', os.version: '10.0', java.version: '13.0.2'
Driver info: driver.version: ChromeDriver
remote stacktrace: Backtrace:
Ordinal0 [0x00CE5F73+2449267]
Ordinal0 [0x00C18361+1606497]
Ordinal0 [0x00B0F969+522601]
Ordinal0 [0x00AA05F3+67059]
Ordinal0 [0x00A9CD92+52626]
Ordinal0 [0x00ABC127+180519]
Ordinal0 [0x00ABBF2D+180013]
Ordinal0 [0x00AB9E5B+171611]
Ordinal0 [0x00AA1DD8+73176]
Ordinal0 [0x00AA2E50+77392]
Ordinal0 [0x00AA2DE9+77289]
Ordinal0 [0x00C2D8D7+1693911]
GetHandleVerifier [0x00D84036+522726]
GetHandleVerifier [0x00D83D74+522020]
GetHandleVerifier [0x00D99187+609079]
GetHandleVerifier [0x00D848A6+524886]
Ordinal0 [0x00C25CBC+1662140]
Ordinal0 [0x00C2F23B+1700411]
Ordinal0 [0x00C2F3A3+1700771]
Ordinal0 [0x00C45215+1790485]
BaseThreadInitThunk [0x76666359+25]
RtlGetAppContainerNamedObjectPath [0x770A7C24+228]
RtlGetAppContainerNamedObjectPath [0x770A7BF4+180]
]]>
            </message>
            <full-stacktrace>
              <![CDATA[org.openqa.selenium.SessionNotCreatedException: session not created: This version of ChromeDriver only supports Chrome version 81
Build info: version: '4.0.0-alpha-4', revision: 'c2d955b49e'
System info: host: 'LAPTOP-C2SMS4AJ', ip: '192.168.0.23', os.name: 'Windows 10', os.arch: 'amd64', os.version: '10.0', java.version: '13.0.2'
Driver info: driver.version: ChromeDriver
remote stacktrace: Backtrace:
Ordinal0 [0x00CE5F73+2449267]
Ordinal0 [0x00C18361+1606497]
Ordinal0 [0x00B0F969+522601]
Ordinal0 [0x00AA05F3+67059]
Ordinal0 [0x00A9CD92+52626]
Ordinal0 [0x00ABC127+180519]
Ordinal0 [0x00ABBF2D+180013]
Ordinal0 [0x00AB9E5B+171611]
Ordinal0 [0x00AA1DD8+73176]
Ordinal0 [0x00AA2E50+77392]
Ordinal0 [0x00AA2DE9+77289]
Ordinal0 [0x00C2D8D7+1693911]
GetHandleVerifier [0x00D84036+522726]
GetHandleVerifier [0x00D83D74+522020]
GetHandleVerifier [0x00D99187+609079]
GetHandleVerifier [0x00D848A6+524886]
Ordinal0 [0x00C25CBC+1662140]
Ordinal0 [0x00C2F23B+1700411]
Ordinal0 [0x00C2F3A3+1700771]
Ordinal0 [0x00C45215+1790485]
BaseThreadInitThunk [0x76666359+25]
RtlGetAppContainerNamedObjectPath [0x770A7C24+228]
RtlGetAppContainerNamedObjectPath [0x770A7BF4+180]

at java.base/jdk.internal.reflect.NativeConstructorAccessorImpl.newInstance0(Native Method)
at java.base/jdk.internal.reflect.NativeConstructorAccessorImpl.newInstance(NativeConstructorAccessorImpl.java:62)
at java.base/jdk.internal.reflect.DelegatingConstructorAccessorImpl.newInstance(DelegatingConstructorAccessorImpl.java:45)
at java.base/java.lang.reflect.Constructor.newInstanceWithCaller(Constructor.java:500)
at java.base/java.lang.reflect.Constructor.newInstance(Constructor.java:481)
at org.openqa.selenium.remote.W3CHandshakeResponse.lambda$errorHandler$0(W3CHandshakeResponse.java:62)
at org.openqa.selenium.remote.HandshakeResponse.lambda$getResponseFunction$0(HandshakeResponse.java:30)
at org.openqa.selenium.remote.ProtocolHandshake.lambda$createSession$1(ProtocolHandshake.java:126)
at java.base/java.util.stream.ReferencePipeline$3$1.accept(ReferencePipeline.java:195)
at java.base/java.util.Spliterators$ArraySpliterator.tryAdvance(Spliterators.java:958)
at java.base/java.util.stream.ReferencePipeline.forEachWithCancel(ReferencePipeline.java:127)
at java.base/java.util.stream.AbstractPipeline.copyIntoWithCancel(AbstractPipeline.java:502)
at java.base/java.util.stream.AbstractPipeline.copyInto(AbstractPipeline.java:488)
at java.base/java.util.stream.AbstractPipeline.wrapAndCopyInto(AbstractPipeline.java:474)
at java.base/java.util.stream.FindOps$FindOp.evaluateSequential(FindOps.java:150)
at java.base/java.util.stream.AbstractPipeline.evaluate(AbstractPipeline.java:234)
at java.base/java.util.stream.ReferencePipeline.findFirst(ReferencePipeline.java:543)
at org.openqa.selenium.remote.ProtocolHandshake.createSession(ProtocolHandshake.java:128)
at org.openqa.selenium.remote.ProtocolHandshake.createSession(ProtocolHandshake.java:75)
at org.openqa.selenium.remote.HttpCommandExecutor.execute(HttpCommandExecutor.java:139)
at org.openqa.selenium.remote.service.DriverCommandExecutor.execute(DriverCommandExecutor.java:83)
at org.openqa.selenium.remote.RemoteWebDriver.execute(RemoteWebDriver.java:582)
at org.openqa.selenium.remote.RemoteWebDriver.startSession(RemoteWebDriver.java:216)
at org.openqa.selenium.remote.RemoteWebDriver.<init>(RemoteWebDriver.java:136)
at org.openqa.selenium.chromium.ChromiumDriver.<init>(ChromiumDriver.java:75)
at org.openqa.selenium.chrome.ChromeDriver.<init>(ChromeDriver.java:163)
at org.openqa.selenium.chrome.ChromeDriver.<init>(ChromeDriver.java:150)
at org.openqa.selenium.chrome.ChromeDriver.<init>(ChromeDriver.java:105)
at commonfunctions.Invokebrowser.openBrowser(Invokebrowser.java:39)
at java.base/jdk.internal.reflect.NativeMethodAccessorImpl.invoke0(Native Method)
at java.base/jdk.internal.reflect.NativeMethodAccessorImpl.invoke(NativeMethodAccessorImpl.java:62)
at java.base/jdk.internal.reflect.DelegatingMethodAccessorImpl.invoke(DelegatingMethodAccessorImpl.java:43)
at java.base/java.lang.reflect.Method.invoke(Method.java:567)
at org.testng.internal.MethodInvocationHelper.invokeMethod(MethodInvocationHelper.java:133)
at org.testng.internal.MethodInvocationHelper.invokeMethodConsideringTimeout(MethodInvocationHelper.java:62)
at org.testng.internal.ConfigInvoker.invokeConfigurationMethod(ConfigInvoker.java:340)
at org.testng.internal.ConfigInvoker.invokeConfigurations(ConfigInvoker.java:294)
at org.testng.SuiteRunner.privateRun(SuiteRunner.java:345)
at org.testng.SuiteRunner.run(SuiteRunner.java:304)
at org.testng.SuiteRunnerWorker.runSuite(SuiteRunnerWorker.java:53)
at org.testng.SuiteRunnerWorker.run(SuiteRunnerWorker.java:96)
at org.testng.TestNG.runSuitesSequentially(TestNG.java:1180)
at org.testng.TestNG.runSuitesLocally(TestNG.java:1102)
at org.testng.TestNG.runSuites(TestNG.java:1032)
at org.testng.TestNG.run(TestNG.java:1000)
at org.testng.remote.AbstractRemoteTestNG.run(AbstractRemoteTestNG.java:115)
at org.testng.remote.RemoteTestNG.initAndRun(RemoteTestNG.java:251)
at org.testng.remote.RemoteTestNG.main(RemoteTestNG.java:77)
]]>
            </full-stacktrace>
          </exception> <!-- org.openqa.selenium.SessionNotCreatedException -->
          <reporter-output>
          </reporter-output>
        </test-method> <!-- loginToWebsite -->
      </class> <!-- testCases.Logintestcase -->
    </test> <!-- Test -->
    <test started-at="2020-06-25T12:05:51 EDT" name="dashboard display" finished-at="2020-06-25T12:05:51 EDT" duration-ms="44">
      <class name="testCases.Dashboardleaverequest">
        <test-method signature="leaveRequest()[pri:0, instance:testCases.Dashboardleaverequest@571c5681]" started-at="2020-06-25T12:05:51 EDT" name="leaveRequest" finished-at="2020-06-25T12:05:51 EDT" duration-ms="0" status="SKIP">
          <exception class="org.openqa.selenium.SessionNotCreatedException">
            <message>
              <![CDATA[session not created: This version of ChromeDriver only supports Chrome version 81
Build info: version: '4.0.0-alpha-4', revision: 'c2d955b49e'
System info: host: 'LAPTOP-C2SMS4AJ', ip: '192.168.0.23', os.name: 'Windows 10', os.arch: 'amd64', os.version: '10.0', java.version: '13.0.2'
Driver info: driver.version: ChromeDriver
remote stacktrace: Backtrace:
Ordinal0 [0x00CE5F73+2449267]
Ordinal0 [0x00C18361+1606497]
Ordinal0 [0x00B0F969+522601]
Ordinal0 [0x00AA05F3+67059]
Ordinal0 [0x00A9CD92+52626]
Ordinal0 [0x00ABC127+180519]
Ordinal0 [0x00ABBF2D+180013]
Ordinal0 [0x00AB9E5B+171611]
Ordinal0 [0x00AA1DD8+73176]
Ordinal0 [0x00AA2E50+77392]
Ordinal0 [0x00AA2DE9+77289]
Ordinal0 [0x00C2D8D7+1693911]
GetHandleVerifier [0x00D84036+522726]
GetHandleVerifier [0x00D83D74+522020]
GetHandleVerifier [0x00D99187+609079]
GetHandleVerifier [0x00D848A6+524886]
Ordinal0 [0x00C25CBC+1662140]
Ordinal0 [0x00C2F23B+1700411]
Ordinal0 [0x00C2F3A3+1700771]
Ordinal0 [0x00C45215+1790485]
BaseThreadInitThunk [0x76666359+25]
RtlGetAppContainerNamedObjectPath [0x770A7C24+228]
RtlGetAppContainerNamedObjectPath [0x770A7BF4+180]
]]>
            </message>
            <full-stacktrace>
              <![CDATA[org.openqa.selenium.SessionNotCreatedException: session not created: This version of ChromeDriver only supports Chrome version 81
Build info: version: '4.0.0-alpha-4', revision: 'c2d955b49e'
System info: host: 'LAPTOP-C2SMS4AJ', ip: '192.168.0.23', os.name: 'Windows 10', os.arch: 'amd64', os.version: '10.0', java.version: '13.0.2'
Driver info: driver.version: ChromeDriver
remote stacktrace: Backtrace:
Ordinal0 [0x00CE5F73+2449267]
Ordinal0 [0x00C18361+1606497]
Ordinal0 [0x00B0F969+522601]
Ordinal0 [0x00AA05F3+67059]
Ordinal0 [0x00A9CD92+52626]
Ordinal0 [0x00ABC127+180519]
Ordinal0 [0x00ABBF2D+180013]
Ordinal0 [0x00AB9E5B+171611]
Ordinal0 [0x00AA1DD8+73176]
Ordinal0 [0x00AA2E50+77392]
Ordinal0 [0x00AA2DE9+77289]
Ordinal0 [0x00C2D8D7+1693911]
GetHandleVerifier [0x00D84036+522726]
GetHandleVerifier [0x00D83D74+522020]
GetHandleVerifier [0x00D99187+609079]
GetHandleVerifier [0x00D848A6+524886]
Ordinal0 [0x00C25CBC+1662140]
Ordinal0 [0x00C2F23B+1700411]
Ordinal0 [0x00C2F3A3+1700771]
Ordinal0 [0x00C45215+1790485]
BaseThreadInitThunk [0x76666359+25]
RtlGetAppContainerNamedObjectPath [0x770A7C24+228]
RtlGetAppContainerNamedObjectPath [0x770A7BF4+180]

at java.base/jdk.internal.reflect.NativeConstructorAccessorImpl.newInstance0(Native Method)
at java.base/jdk.internal.reflect.NativeConstructorAccessorImpl.newInstance(NativeConstructorAccessorImpl.java:62)
at java.base/jdk.internal.reflect.DelegatingConstructorAccessorImpl.newInstance(DelegatingConstructorAccessorImpl.java:45)
at java.base/java.lang.reflect.Constructor.newInstanceWithCaller(Constructor.java:500)
at java.base/java.lang.reflect.Constructor.newInstance(Constructor.java:481)
at org.openqa.selenium.remote.W3CHandshakeResponse.lambda$errorHandler$0(W3CHandshakeResponse.java:62)
at org.openqa.selenium.remote.HandshakeResponse.lambda$getResponseFunction$0(HandshakeResponse.java:30)
at org.openqa.selenium.remote.ProtocolHandshake.lambda$createSession$1(ProtocolHandshake.java:126)
at java.base/java.util.stream.ReferencePipeline$3$1.accept(ReferencePipeline.java:195)
at java.base/java.util.Spliterators$ArraySpliterator.tryAdvance(Spliterators.java:958)
at java.base/java.util.stream.ReferencePipeline.forEachWithCancel(ReferencePipeline.java:127)
at java.base/java.util.stream.AbstractPipeline.copyIntoWithCancel(AbstractPipeline.java:502)
at java.base/java.util.stream.AbstractPipeline.copyInto(AbstractPipeline.java:488)
at java.base/java.util.stream.AbstractPipeline.wrapAndCopyInto(AbstractPipeline.java:474)
at java.base/java.util.stream.FindOps$FindOp.evaluateSequential(FindOps.java:150)
at java.base/java.util.stream.AbstractPipeline.evaluate(AbstractPipeline.java:234)
at java.base/java.util.stream.ReferencePipeline.findFirst(ReferencePipeline.java:543)
at org.openqa.selenium.remote.ProtocolHandshake.createSession(ProtocolHandshake.java:128)
at org.openqa.selenium.remote.ProtocolHandshake.createSession(ProtocolHandshake.java:75)
at org.openqa.selenium.remote.HttpCommandExecutor.execute(HttpCommandExecutor.java:139)
at org.openqa.selenium.remote.service.DriverCommandExecutor.execute(DriverCommandExecutor.java:83)
at org.openqa.selenium.remote.RemoteWebDriver.execute(RemoteWebDriver.java:582)
at org.openqa.selenium.remote.RemoteWebDriver.startSession(RemoteWebDriver.java:216)
at org.openqa.selenium.remote.RemoteWebDriver.<init>(RemoteWebDriver.java:136)
at org.openqa.selenium.chromium.ChromiumDriver.<init>(ChromiumDriver.java:75)
at org.openqa.selenium.chrome.ChromeDriver.<init>(ChromeDriver.java:163)
at org.openqa.selenium.chrome.ChromeDriver.<init>(ChromeDriver.java:150)
at org.openqa.selenium.chrome.ChromeDriver.<init>(ChromeDriver.java:105)
at commonfunctions.Invokebrowser.openBrowser(Invokebrowser.java:39)
at java.base/jdk.internal.reflect.NativeMethodAccessorImpl.invoke0(Native Method)
at java.base/jdk.internal.reflect.NativeMethodAccessorImpl.invoke(NativeMethodAccessorImpl.java:62)
at java.base/jdk.internal.reflect.DelegatingMethodAccessorImpl.invoke(DelegatingMethodAccessorImpl.java:43)
at java.base/java.lang.reflect.Method.invoke(Method.java:567)
at org.testng.internal.MethodInvocationHelper.invokeMethod(MethodInvocationHelper.java:133)
at org.testng.internal.MethodInvocationHelper.invokeMethodConsideringTimeout(MethodInvocationHelper.java:62)
at org.testng.internal.ConfigInvoker.invokeConfigurationMethod(ConfigInvoker.java:340)
at org.testng.internal.ConfigInvoker.invokeConfigurations(ConfigInvoker.java:294)
at org.testng.SuiteRunner.privateRun(SuiteRunner.java:345)
at org.testng.SuiteRunner.run(SuiteRunner.java:304)
at org.testng.SuiteRunnerWorker.runSuite(SuiteRunnerWorker.java:53)
at org.testng.SuiteRunnerWorker.run(SuiteRunnerWorker.java:96)
at org.testng.TestNG.runSuitesSequentially(TestNG.java:1180)
at org.testng.TestNG.runSuitesLocally(TestNG.java:1102)
at org.testng.TestNG.runSuites(TestNG.java:1032)
at org.testng.TestNG.run(TestNG.java:1000)
at org.testng.remote.AbstractRemoteTestNG.run(AbstractRemoteTestNG.java:115)
at org.testng.remote.RemoteTestNG.initAndRun(RemoteTestNG.java:251)
at org.testng.remote.RemoteTestNG.main(RemoteTestNG.java:77)
]]>
            </full-stacktrace>
          </exception> <!-- org.openqa.selenium.SessionNotCreatedException -->
          <reporter-output>
          </reporter-output>
        </test-method> <!-- leaveRequest -->
      </class> <!-- testCases.Dashboardleaverequest -->
    </test> <!-- dashboard display -->
    <test started-at="2020-06-25T12:05:51 EDT" name="usercheck" finished-at="2020-06-25T12:05:51 EDT" duration-ms="6">
      <class name="testCases.Usersroletestcase">
        <test-method is-config="true" signature="openBrowser()[pri:0, instance:testCases.Usersroletestcase@6e005dc9]" started-at="2020-06-25T12:05:46 EDT" name="openBrowser" finished-at="2020-06-25T12:05:51 EDT" duration-ms="4399" status="FAIL">
          <exception class="org.openqa.selenium.SessionNotCreatedException">
            <message>
              <![CDATA[session not created: This version of ChromeDriver only supports Chrome version 81
Build info: version: '4.0.0-alpha-4', revision: 'c2d955b49e'
System info: host: 'LAPTOP-C2SMS4AJ', ip: '192.168.0.23', os.name: 'Windows 10', os.arch: 'amd64', os.version: '10.0', java.version: '13.0.2'
Driver info: driver.version: ChromeDriver
remote stacktrace: Backtrace:
Ordinal0 [0x00CE5F73+2449267]
Ordinal0 [0x00C18361+1606497]
Ordinal0 [0x00B0F969+522601]
Ordinal0 [0x00AA05F3+67059]
Ordinal0 [0x00A9CD92+52626]
Ordinal0 [0x00ABC127+180519]
Ordinal0 [0x00ABBF2D+180013]
Ordinal0 [0x00AB9E5B+171611]
Ordinal0 [0x00AA1DD8+73176]
Ordinal0 [0x00AA2E50+77392]
Ordinal0 [0x00AA2DE9+77289]
Ordinal0 [0x00C2D8D7+1693911]
GetHandleVerifier [0x00D84036+522726]
GetHandleVerifier [0x00D83D74+522020]
GetHandleVerifier [0x00D99187+609079]
GetHandleVerifier [0x00D848A6+524886]
Ordinal0 [0x00C25CBC+1662140]
Ordinal0 [0x00C2F23B+1700411]
Ordinal0 [0x00C2F3A3+1700771]
Ordinal0 [0x00C45215+1790485]
BaseThreadInitThunk [0x76666359+25]
RtlGetAppContainerNamedObjectPath [0x770A7C24+228]
RtlGetAppContainerNamedObjectPath [0x770A7BF4+180]
]]>
            </message>
            <full-stacktrace>
              <![CDATA[org.openqa.selenium.SessionNotCreatedException: session not created: This version of ChromeDriver only supports Chrome version 81
Build info: version: '4.0.0-alpha-4', revision: 'c2d955b49e'
System info: host: 'LAPTOP-C2SMS4AJ', ip: '192.168.0.23', os.name: 'Windows 10', os.arch: 'amd64', os.version: '10.0', java.version: '13.0.2'
Driver info: driver.version: ChromeDriver
remote stacktrace: Backtrace:
Ordinal0 [0x00CE5F73+2449267]
Ordinal0 [0x00C18361+1606497]
Ordinal0 [0x00B0F969+522601]
Ordinal0 [0x00AA05F3+67059]
Ordinal0 [0x00A9CD92+52626]
Ordinal0 [0x00ABC127+180519]
Ordinal0 [0x00ABBF2D+180013]
Ordinal0 [0x00AB9E5B+171611]
Ordinal0 [0x00AA1DD8+73176]
Ordinal0 [0x00AA2E50+77392]
Ordinal0 [0x00AA2DE9+77289]
Ordinal0 [0x00C2D8D7+1693911]
GetHandleVerifier [0x00D84036+522726]
GetHandleVerifier [0x00D83D74+522020]
GetHandleVerifier [0x00D99187+609079]
GetHandleVerifier [0x00D848A6+524886]
Ordinal0 [0x00C25CBC+1662140]
Ordinal0 [0x00C2F23B+1700411]
Ordinal0 [0x00C2F3A3+1700771]
Ordinal0 [0x00C45215+1790485]
BaseThreadInitThunk [0x76666359+25]
RtlGetAppContainerNamedObjectPath [0x770A7C24+228]
RtlGetAppContainerNamedObjectPath [0x770A7BF4+180]

at java.base/jdk.internal.reflect.NativeConstructorAccessorImpl.newInstance0(Native Method)
at java.base/jdk.internal.reflect.NativeConstructorAccessorImpl.newInstance(NativeConstructorAccessorImpl.java:62)
at java.base/jdk.internal.reflect.DelegatingConstructorAccessorImpl.newInstance(DelegatingConstructorAccessorImpl.java:45)
at java.base/java.lang.reflect.Constructor.newInstanceWithCaller(Constructor.java:500)
at java.base/java.lang.reflect.Constructor.newInstance(Constructor.java:481)
at org.openqa.selenium.remote.W3CHandshakeResponse.lambda$errorHandler$0(W3CHandshakeResponse.java:62)
at org.openqa.selenium.remote.HandshakeResponse.lambda$getResponseFunction$0(HandshakeResponse.java:30)
at org.openqa.selenium.remote.ProtocolHandshake.lambda$createSession$1(ProtocolHandshake.java:126)
at java.base/java.util.stream.ReferencePipeline$3$1.accept(ReferencePipeline.java:195)
at java.base/java.util.Spliterators$ArraySpliterator.tryAdvance(Spliterators.java:958)
at java.base/java.util.stream.ReferencePipeline.forEachWithCancel(ReferencePipeline.java:127)
at java.base/java.util.stream.AbstractPipeline.copyIntoWithCancel(AbstractPipeline.java:502)
at java.base/java.util.stream.AbstractPipeline.copyInto(AbstractPipeline.java:488)
at java.base/java.util.stream.AbstractPipeline.wrapAndCopyInto(AbstractPipeline.java:474)
at java.base/java.util.stream.FindOps$FindOp.evaluateSequential(FindOps.java:150)
at java.base/java.util.stream.AbstractPipeline.evaluate(AbstractPipeline.java:234)
at java.base/java.util.stream.ReferencePipeline.findFirst(ReferencePipeline.java:543)
at org.openqa.selenium.remote.ProtocolHandshake.createSession(ProtocolHandshake.java:128)
at org.openqa.selenium.remote.ProtocolHandshake.createSession(ProtocolHandshake.java:75)
at org.openqa.selenium.remote.HttpCommandExecutor.execute(HttpCommandExecutor.java:139)
at org.openqa.selenium.remote.service.DriverCommandExecutor.execute(DriverCommandExecutor.java:83)
at org.openqa.selenium.remote.RemoteWebDriver.execute(RemoteWebDriver.java:582)
at org.openqa.selenium.remote.RemoteWebDriver.startSession(RemoteWebDriver.java:216)
at org.openqa.selenium.remote.RemoteWebDriver.<init>(RemoteWebDriver.java:136)
at org.openqa.selenium.chromium.ChromiumDriver.<init>(ChromiumDriver.java:75)
at org.openqa.selenium.chrome.ChromeDriver.<init>(ChromeDriver.java:163)
at org.openqa.selenium.chrome.ChromeDriver.<init>(ChromeDriver.java:150)
at org.openqa.selenium.chrome.ChromeDriver.<init>(ChromeDriver.java:105)
at commonfunctions.Invokebrowser.openBrowser(Invokebrowser.java:39)
at java.base/jdk.internal.reflect.NativeMethodAccessorImpl.invoke0(Native Method)
at java.base/jdk.internal.reflect.NativeMethodAccessorImpl.invoke(NativeMethodAccessorImpl.java:62)
at java.base/jdk.internal.reflect.DelegatingMethodAccessorImpl.invoke(DelegatingMethodAccessorImpl.java:43)
at java.base/java.lang.reflect.Method.invoke(Method.java:567)
at org.testng.internal.MethodInvocationHelper.invokeMethod(MethodInvocationHelper.java:133)
at org.testng.internal.MethodInvocationHelper.invokeMethodConsideringTimeout(MethodInvocationHelper.java:62)
at org.testng.internal.ConfigInvoker.invokeConfigurationMethod(ConfigInvoker.java:340)
at org.testng.internal.ConfigInvoker.invokeConfigurations(ConfigInvoker.java:294)
at org.testng.SuiteRunner.privateRun(SuiteRunner.java:345)
at org.testng.SuiteRunner.run(SuiteRunner.java:304)
at org.testng.SuiteRunnerWorker.runSuite(SuiteRunnerWorker.java:53)
at org.testng.SuiteRunnerWorker.run(SuiteRunnerWorker.java:96)
at org.testng.TestNG.runSuitesSequentially(TestNG.java:1180)
at org.testng.TestNG.runSuitesLocally(TestNG.java:1102)
at org.testng.TestNG.runSuites(TestNG.java:1032)
at org.testng.TestNG.run(TestNG.java:1000)
at org.testng.remote.AbstractRemoteTestNG.run(AbstractRemoteTestNG.java:115)
at org.testng.remote.RemoteTestNG.initAndRun(RemoteTestNG.java:251)
at org.testng.remote.RemoteTestNG.main(RemoteTestNG.java:77)
]]>
            </full-stacktrace>
          </exception> <!-- org.openqa.selenium.SessionNotCreatedException -->
          <reporter-output>
          </reporter-output>
        </test-method> <!-- openBrowser -->
        <test-method signature="userCheck()[pri:0, instance:testCases.Usersroletestcase@6e005dc9]" started-at="2020-06-25T12:05:51 EDT" name="userCheck" finished-at="2020-06-25T12:05:51 EDT" duration-ms="0" status="SKIP">
          <exception class="org.openqa.selenium.SessionNotCreatedException">
            <message>
              <![CDATA[session not created: This version of ChromeDriver only supports Chrome version 81
Build info: version: '4.0.0-alpha-4', revision: 'c2d955b49e'
System info: host: 'LAPTOP-C2SMS4AJ', ip: '192.168.0.23', os.name: 'Windows 10', os.arch: 'amd64', os.version: '10.0', java.version: '13.0.2'
Driver info: driver.version: ChromeDriver
remote stacktrace: Backtrace:
Ordinal0 [0x00CE5F73+2449267]
Ordinal0 [0x00C18361+1606497]
Ordinal0 [0x00B0F969+522601]
Ordinal0 [0x00AA05F3+67059]
Ordinal0 [0x00A9CD92+52626]
Ordinal0 [0x00ABC127+180519]
Ordinal0 [0x00ABBF2D+180013]
Ordinal0 [0x00AB9E5B+171611]
Ordinal0 [0x00AA1DD8+73176]
Ordinal0 [0x00AA2E50+77392]
Ordinal0 [0x00AA2DE9+77289]
Ordinal0 [0x00C2D8D7+1693911]
GetHandleVerifier [0x00D84036+522726]
GetHandleVerifier [0x00D83D74+522020]
GetHandleVerifier [0x00D99187+609079]
GetHandleVerifier [0x00D848A6+524886]
Ordinal0 [0x00C25CBC+1662140]
Ordinal0 [0x00C2F23B+1700411]
Ordinal0 [0x00C2F3A3+1700771]
Ordinal0 [0x00C45215+1790485]
BaseThreadInitThunk [0x76666359+25]
RtlGetAppContainerNamedObjectPath [0x770A7C24+228]
RtlGetAppContainerNamedObjectPath [0x770A7BF4+180]
]]>
            </message>
            <full-stacktrace>
              <![CDATA[org.openqa.selenium.SessionNotCreatedException: session not created: This version of ChromeDriver only supports Chrome version 81
Build info: version: '4.0.0-alpha-4', revision: 'c2d955b49e'
System info: host: 'LAPTOP-C2SMS4AJ', ip: '192.168.0.23', os.name: 'Windows 10', os.arch: 'amd64', os.version: '10.0', java.version: '13.0.2'
Driver info: driver.version: ChromeDriver
remote stacktrace: Backtrace:
Ordinal0 [0x00CE5F73+2449267]
Ordinal0 [0x00C18361+1606497]
Ordinal0 [0x00B0F969+522601]
Ordinal0 [0x00AA05F3+67059]
Ordinal0 [0x00A9CD92+52626]
Ordinal0 [0x00ABC127+180519]
Ordinal0 [0x00ABBF2D+180013]
Ordinal0 [0x00AB9E5B+171611]
Ordinal0 [0x00AA1DD8+73176]
Ordinal0 [0x00AA2E50+77392]
Ordinal0 [0x00AA2DE9+77289]
Ordinal0 [0x00C2D8D7+1693911]
GetHandleVerifier [0x00D84036+522726]
GetHandleVerifier [0x00D83D74+522020]
GetHandleVerifier [0x00D99187+609079]
GetHandleVerifier [0x00D848A6+524886]
Ordinal0 [0x00C25CBC+1662140]
Ordinal0 [0x00C2F23B+1700411]
Ordinal0 [0x00C2F3A3+1700771]
Ordinal0 [0x00C45215+1790485]
BaseThreadInitThunk [0x76666359+25]
RtlGetAppContainerNamedObjectPath [0x770A7C24+228]
RtlGetAppContainerNamedObjectPath [0x770A7BF4+180]

at java.base/jdk.internal.reflect.NativeConstructorAccessorImpl.newInstance0(Native Method)
at java.base/jdk.internal.reflect.NativeConstructorAccessorImpl.newInstance(NativeConstructorAccessorImpl.java:62)
at java.base/jdk.internal.reflect.DelegatingConstructorAccessorImpl.newInstance(DelegatingConstructorAccessorImpl.java:45)
at java.base/java.lang.reflect.Constructor.newInstanceWithCaller(Constructor.java:500)
at java.base/java.lang.reflect.Constructor.newInstance(Constructor.java:481)
at org.openqa.selenium.remote.W3CHandshakeResponse.lambda$errorHandler$0(W3CHandshakeResponse.java:62)
at org.openqa.selenium.remote.HandshakeResponse.lambda$getResponseFunction$0(HandshakeResponse.java:30)
at org.openqa.selenium.remote.ProtocolHandshake.lambda$createSession$1(ProtocolHandshake.java:126)
at java.base/java.util.stream.ReferencePipeline$3$1.accept(ReferencePipeline.java:195)
at java.base/java.util.Spliterators$ArraySpliterator.tryAdvance(Spliterators.java:958)
at java.base/java.util.stream.ReferencePipeline.forEachWithCancel(ReferencePipeline.java:127)
at java.base/java.util.stream.AbstractPipeline.copyIntoWithCancel(AbstractPipeline.java:502)
at java.base/java.util.stream.AbstractPipeline.copyInto(AbstractPipeline.java:488)
at java.base/java.util.stream.AbstractPipeline.wrapAndCopyInto(AbstractPipeline.java:474)
at java.base/java.util.stream.FindOps$FindOp.evaluateSequential(FindOps.java:150)
at java.base/java.util.stream.AbstractPipeline.evaluate(AbstractPipeline.java:234)
at java.base/java.util.stream.ReferencePipeline.findFirst(ReferencePipeline.java:543)
at org.openqa.selenium.remote.ProtocolHandshake.createSession(ProtocolHandshake.java:128)
at org.openqa.selenium.remote.ProtocolHandshake.createSession(ProtocolHandshake.java:75)
at org.openqa.selenium.remote.HttpCommandExecutor.execute(HttpCommandExecutor.java:139)
at org.openqa.selenium.remote.service.DriverCommandExecutor.execute(DriverCommandExecutor.java:83)
at org.openqa.selenium.remote.RemoteWebDriver.execute(RemoteWebDriver.java:582)
at org.openqa.selenium.remote.RemoteWebDriver.startSession(RemoteWebDriver.java:216)
at org.openqa.selenium.remote.RemoteWebDriver.<init>(RemoteWebDriver.java:136)
at org.openqa.selenium.chromium.ChromiumDriver.<init>(ChromiumDriver.java:75)
at org.openqa.selenium.chrome.ChromeDriver.<init>(ChromeDriver.java:163)
at org.openqa.selenium.chrome.ChromeDriver.<init>(ChromeDriver.java:150)
at org.openqa.selenium.chrome.ChromeDriver.<init>(ChromeDriver.java:105)
at commonfunctions.Invokebrowser.openBrowser(Invokebrowser.java:39)
at java.base/jdk.internal.reflect.NativeMethodAccessorImpl.invoke0(Native Method)
at java.base/jdk.internal.reflect.NativeMethodAccessorImpl.invoke(NativeMethodAccessorImpl.java:62)
at java.base/jdk.internal.reflect.DelegatingMethodAccessorImpl.invoke(DelegatingMethodAccessorImpl.java:43)
at java.base/java.lang.reflect.Method.invoke(Method.java:567)
at org.testng.internal.MethodInvocationHelper.invokeMethod(MethodInvocationHelper.java:133)
at org.testng.internal.MethodInvocationHelper.invokeMethodConsideringTimeout(MethodInvocationHelper.java:62)
at org.testng.internal.ConfigInvoker.invokeConfigurationMethod(ConfigInvoker.java:340)
at org.testng.internal.ConfigInvoker.invokeConfigurations(ConfigInvoker.java:294)
at org.testng.SuiteRunner.privateRun(SuiteRunner.java:345)
at org.testng.SuiteRunner.run(SuiteRunner.java:304)
at org.testng.SuiteRunnerWorker.runSuite(SuiteRunnerWorker.java:53)
at org.testng.SuiteRunnerWorker.run(SuiteRunnerWorker.java:96)
at org.testng.TestNG.runSuitesSequentially(TestNG.java:1180)
at org.testng.TestNG.runSuitesLocally(TestNG.java:1102)
at org.testng.TestNG.runSuites(TestNG.java:1032)
at org.testng.TestNG.run(TestNG.java:1000)
at org.testng.remote.AbstractRemoteTestNG.run(AbstractRemoteTestNG.java:115)
at org.testng.remote.RemoteTestNG.initAndRun(RemoteTestNG.java:251)
at org.testng.remote.RemoteTestNG.main(RemoteTestNG.java:77)
]]>
            </full-stacktrace>
          </exception> <!-- org.openqa.selenium.SessionNotCreatedException -->
          <reporter-output>
          </reporter-output>
        </test-method> <!-- userCheck -->
        <test-method is-config="true" signature="closeBrowser()[pri:0, instance:testCases.Usersroletestcase@6e005dc9]" started-at="2020-06-25T12:05:51 EDT" name="closeBrowser" finished-at="1969-12-31T19:00:00 EST" duration-ms="-1593101151567" status="SKIP">
          <reporter-output>
          </reporter-output>
        </test-method> <!-- closeBrowser -->
      </class> <!-- testCases.Usersroletestcase -->
    </test> <!-- usercheck -->
  </suite> <!-- Suite -->
</testng-results>
