<?xml version="1.0" encoding="UTF-8"?>
<!-- Generated by org.testng.reporters.JUnitXMLReporter -->
<testsuite ignored="0" hostname="LAPTOP-C2SMS4AJ" failures="0" tests="1" name="Test" time="0.052" errors="0" timestamp="2020-06-25T12:05:51 EDT">
  <testcase classname="commonfunctions.Invokebrowser" name="@BeforeSuite openBrowser" time="4.399">
    <failure type="org.openqa.selenium.SessionNotCreatedException" message="session not created: This version of ChromeDriver only supports Chrome version 81
Build info: version: &amp;apos;4.0.0-alpha-4&amp;apos;, revision: &amp;apos;c2d955b49e&amp;apos;
System info: host: &amp;apos;LAPTOP-C2SMS4AJ&amp;apos;, ip: &amp;apos;192.168.0.23&amp;apos;, os.name: &amp;apos;Windows 10&amp;apos;, os.arch: &amp;apos;amd64&amp;apos;, os.version: &amp;apos;10.0&amp;apos;, java.version: &amp;apos;13.0.2&amp;apos;
Driver info: driver.version: ChromeDriver
remote stacktrace: Backtrace:
	Ordinal0 [0x00CE5F73+2449267]
	Ordinal0 [0x00C18361+1606497]
	Ordinal0 [0x00B0F969+522601]
	Ordinal0 [0x00AA05F3+67059]
	Ordinal0 [0x00A9CD92+52626]
	Ordinal0 [0x00ABC127+180519]
	Ordinal0 [0x00ABBF2D+180013]
	Ordinal0 [0x00AB9E5B+171611]
	Ordinal0 [0x00AA1DD8+73176]
	Ordinal0 [0x00AA2E50+77392]
	Ordinal0 [0x00AA2DE9+77289]
	Ordinal0 [0x00C2D8D7+1693911]
	GetHandleVerifier [0x00D84036+522726]
	GetHandleVerifier [0x00D83D74+522020]
	GetHandleVerifier [0x00D99187+609079]
	GetHandleVerifier [0x00D848A6+524886]
	Ordinal0 [0x00C25CBC+1662140]
	Ordinal0 [0x00C2F23B+1700411]
	Ordinal0 [0x00C2F3A3+1700771]
	Ordinal0 [0x00C45215+1790485]
	BaseThreadInitThunk [0x76666359+25]
	RtlGetAppContainerNamedObjectPath [0x770A7C24+228]
	RtlGetAppContainerNamedObjectPath [0x770A7BF4+180]
">
      <![CDATA[org.openqa.selenium.SessionNotCreatedException: session not created: This version of ChromeDriver only supports Chrome version 81
Build info: version: '4.0.0-alpha-4', revision: 'c2d955b49e'
System info: host: 'LAPTOP-C2SMS4AJ', ip: '192.168.0.23', os.name: 'Windows 10', os.arch: 'amd64', os.version: '10.0', java.version: '13.0.2'
Driver info: driver.version: ChromeDriver
remote stacktrace: Backtrace:
Ordinal0 [0x00CE5F73+2449267]
Ordinal0 [0x00C18361+1606497]
Ordinal0 [0x00B0F969+522601]
Ordinal0 [0x00AA05F3+67059]
Ordinal0 [0x00A9CD92+52626]
Ordinal0 [0x00ABC127+180519]
Ordinal0 [0x00ABBF2D+180013]
Ordinal0 [0x00AB9E5B+171611]
Ordinal0 [0x00AA1DD8+73176]
Ordinal0 [0x00AA2E50+77392]
Ordinal0 [0x00AA2DE9+77289]
Ordinal0 [0x00C2D8D7+1693911]
GetHandleVerifier [0x00D84036+522726]
GetHandleVerifier [0x00D83D74+522020]
GetHandleVerifier [0x00D99187+609079]
GetHandleVerifier [0x00D848A6+524886]
Ordinal0 [0x00C25CBC+1662140]
Ordinal0 [0x00C2F23B+1700411]
Ordinal0 [0x00C2F3A3+1700771]
Ordinal0 [0x00C45215+1790485]
BaseThreadInitThunk [0x76666359+25]
RtlGetAppContainerNamedObjectPath [0x770A7C24+228]
RtlGetAppContainerNamedObjectPath [0x770A7BF4+180]

at org.openqa.selenium.remote.W3CHandshakeResponse.lambda$errorHandler$0(W3CHandshakeResponse.java:62)
at org.openqa.selenium.remote.HandshakeResponse.lambda$getResponseFunction$0(HandshakeResponse.java:30)
at org.openqa.selenium.remote.ProtocolHandshake.lambda$createSession$1(ProtocolHandshake.java:126)
at java.base/java.util.stream.ReferencePipeline$3$1.accept(ReferencePipeline.java:195)
at java.base/java.util.Spliterators$ArraySpliterator.tryAdvance(Spliterators.java:958)
at java.base/java.util.stream.ReferencePipeline.forEachWithCancel(ReferencePipeline.java:127)
at java.base/java.util.stream.AbstractPipeline.copyIntoWithCancel(AbstractPipeline.java:502)
at java.base/java.util.stream.AbstractPipeline.copyInto(AbstractPipeline.java:488)
at java.base/java.util.stream.AbstractPipeline.wrapAndCopyInto(AbstractPipeline.java:474)
at java.base/java.util.stream.FindOps$FindOp.evaluateSequential(FindOps.java:150)
at java.base/java.util.stream.AbstractPipeline.evaluate(AbstractPipeline.java:234)
at java.base/java.util.stream.ReferencePipeline.findFirst(ReferencePipeline.java:543)
at org.openqa.selenium.remote.ProtocolHandshake.createSession(ProtocolHandshake.java:128)
at org.openqa.selenium.remote.ProtocolHandshake.createSession(ProtocolHandshake.java:75)
at org.openqa.selenium.remote.HttpCommandExecutor.execute(HttpCommandExecutor.java:139)
at org.openqa.selenium.remote.service.DriverCommandExecutor.execute(DriverCommandExecutor.java:83)
at org.openqa.selenium.remote.RemoteWebDriver.execute(RemoteWebDriver.java:582)
at org.openqa.selenium.remote.RemoteWebDriver.startSession(RemoteWebDriver.java:216)
at org.openqa.selenium.remote.RemoteWebDriver.<init>(RemoteWebDriver.java:136)
at org.openqa.selenium.chromium.ChromiumDriver.<init>(ChromiumDriver.java:75)
at org.openqa.selenium.chrome.ChromeDriver.<init>(ChromeDriver.java:163)
at org.openqa.selenium.chrome.ChromeDriver.<init>(ChromeDriver.java:150)
at org.openqa.selenium.chrome.ChromeDriver.<init>(ChromeDriver.java:105)
at commonfunctions.Invokebrowser.openBrowser(Invokebrowser.java:39)
... Removed 24 stack frames]]>
    </failure>
  </testcase> <!-- @BeforeSuite openBrowser -->
  <testcase classname="testCases.Logintestcase" name="loginToWebsite" time="0.0">
    <skipped/>
  </testcase> <!-- loginToWebsite -->
</testsuite> <!-- Test -->
